2023-09-07 17:00:39 info: Listen port 8080
2023-09-07 17:00:41 info: MongoDB Connected: ac-diuctf8-shard-00-00.kafx490.mongodb.net.
2023-09-07 18:15:53 info: Mongoose Connection is Disconnected
2023-09-07 18:16:04 info: Mongoose Connected to Database
2023-09-07 22:09:23 info: Mongoose Connection is Disconnected
2023-09-07 22:09:34 info: Mongoose Connected to Database
2023-09-07 22:15:14 info: Listen port 8080
2023-09-07 22:15:16 info: MongoDB Connected: ac-diuctf8-shard-00-00.kafx490.mongodb.net.
2023-09-07 22:16:28 info: Listen port 8080
2023-09-07 22:16:30 info: MongoDB Connected: ac-diuctf8-shard-00-00.kafx490.mongodb.net.
2023-09-07 22:20:22 error: GET /api/v1/projects 500 - 7.335 ms - message: -
2023-09-07 22:21:36 info: Listen port 8080
2023-09-07 22:21:39 info: MongoDB Connected: ac-diuctf8-shard-00-00.kafx490.mongodb.net.
2023-09-07 22:22:34 error: GET /api/v1/projects 500 - 6.549 ms - message: -
2023-09-07 22:23:01 info: POST /api/v1/auth/login 200 - 603.996 ms
2023-09-07 22:23:18 error: GET /api/v1/projects 500 - 3.510 ms - message: -
2023-09-07 22:24:33 info: POST /api/v1/auth/login 200 - 580.260 ms
2023-09-07 22:25:06 info: POST /api/v1/auth/login 200 - 569.442 ms
2023-09-07 22:25:23 error: GET /api/v1/projects 500 - 1.315 ms - message: -
2023-09-07 22:25:39 info: GET /api/v1/projects 200 - 4602.795 ms
2023-09-07 22:38:00 info: Listen port 8080
2023-09-07 22:38:03 info: MongoDB Connected: ac-diuctf8-shard-00-00.kafx490.mongodb.net.
2023-09-07 22:38:13 info: GET /api/v1/projects 200 - 3537.597 ms
2023-09-07 22:38:58 info: GET /api/v1/projects 200 - 3119.872 ms
2023-09-07 22:52:44 info: Listen port 8080
2023-09-07 22:52:47 info: MongoDB Connected: ac-diuctf8-shard-00-00.kafx490.mongodb.net.
2023-09-07 22:54:44 info: Listen port 8080
2023-09-07 22:54:47 info: MongoDB Connected: ac-diuctf8-shard-00-00.kafx490.mongodb.net.
2023-09-07 22:54:54 info: GET /api/v1/projects 200 - 1673.701 ms
2023-09-07 22:55:44 info: Listen port 8080
2023-09-07 22:55:47 info: MongoDB Connected: ac-diuctf8-shard-00-00.kafx490.mongodb.net.
2023-09-07 23:03:33 info: Listen port 8080
2023-09-07 23:03:36 info: MongoDB Connected: ac-diuctf8-shard-00-00.kafx490.mongodb.net.
2023-09-07 23:04:09 info: GET /api/v1/projects?visibility=public&per_page=10&sort=pushed 200 - 4864.223 ms
2023-09-07 23:08:06 info: GET /api/v1/projects?visibility=public&per_page=10 200 - 3046.242 ms
2023-09-07 23:08:43 info: Listen port 8080
2023-09-07 23:08:47 info: MongoDB Connected: ac-diuctf8-shard-00-00.kafx490.mongodb.net.
2023-09-07 23:09:07 info: GET /api/v1/projects?visibility=public&per_page=10&sort=pushed 200 - 4263.340 ms
2023-09-07 23:10:18 info: Listen port 8080
2023-09-07 23:10:21 info: MongoDB Connected: ac-diuctf8-shard-00-00.kafx490.mongodb.net.
2023-09-07 23:10:27 info: GET /api/v1/projects?visibility=public&per_page=10&sort=pushed 200 - 3319.458 ms
2023-09-07 23:16:57 info: Listen port 8080
2023-09-07 23:17:00 info: MongoDB Connected: ac-diuctf8-shard-00-00.kafx490.mongodb.net.
2023-09-07 23:17:38 info: GET /api/v1/projects?visibility=public&per_page=10&sort=pushed 200 - 3159.589 ms
2023-09-07 23:19:54 info: Listen port 8080
2023-09-07 23:19:56 info: MongoDB Connected: ac-diuctf8-shard-00-00.kafx490.mongodb.net.
2023-09-07 23:20:06 info: Listen port 8080
2023-09-07 23:20:08 info: MongoDB Connected: ac-diuctf8-shard-00-00.kafx490.mongodb.net.
2023-09-07 23:20:13 info: GET /api/v1/projects?visibility=public&per_page=10&sort=pushed 200 - 1592.447 ms
2023-09-07 23:26:34 info: Listen port 8080
2023-09-07 23:26:37 info: MongoDB Connected: ac-diuctf8-shard-00-00.kafx490.mongodb.net.
