2023-09-19 00:17:37 info: POST /api/v1/upload 200 - 1833.519 ms
2023-09-19 00:17:47 info: Listen port 8080
2023-09-19 00:17:49 info: MongoDB Connected: ac-diuctf8-shard-00-00.kafx490.mongodb.net.
2023-09-19 00:20:22 info: POST /api/v1/upload 200 - 2832.639 ms
2023-09-19 00:21:56 info: POST /api/v1/projects 200 - 536.815 ms
2023-09-19 00:22:45 info: POST /api/v1/projects 200 - 526.245 ms
2023-09-19 00:36:20 info: GET /api/v1/projects 200 - 256.344 ms
2023-09-19 00:36:20 info: GET /api/v1/projects 304 - 252.227 ms
2023-09-19 00:36:30 info: GET /api/v1/projects/github?visibility=public&sort=pushed - - - ms
2023-09-19 00:36:30 info: GET /api/v1/projects/github?visibility=public&sort=pushed - - - ms
2023-09-19 00:37:15 info: GET /api/v1/projects 304 - 248.951 ms
2023-09-19 00:37:15 info: GET /api/v1/projects 304 - 275.466 ms
2023-09-19 00:37:17 info: GET /api/v1/projects/github?visibility=public&sort=pushed 200 - 2402.673 ms
2023-09-19 00:37:20 info: GET /api/v1/projects/github?visibility=public&sort=pushed 304 - 2455.269 ms
2023-09-19 00:44:14 info: GET /api/v1/projects 304 - 329.166 ms
2023-09-19 00:44:14 info: GET /api/v1/projects 304 - 258.341 ms
2023-09-19 00:44:16 info: GET /api/v1/projects/github?visibility=public&sort=pushed 200 - 2702.071 ms
2023-09-19 00:44:19 info: GET /api/v1/projects/github?visibility=public&sort=pushed 304 - 2505.347 ms
2023-09-19 00:45:22 info: GET /api/v1/projects 304 - 255.162 ms
2023-09-19 00:45:23 info: GET /api/v1/projects 304 - 249.452 ms
2023-09-19 00:45:25 info: GET /api/v1/projects/github?visibility=public&sort=pushed 304 - 2522.543 ms
2023-09-19 00:45:28 info: GET /api/v1/projects/github?visibility=public&sort=pushed 304 - 3549.657 ms
2023-09-19 00:46:36 info: GET /api/v1/projects 304 - 262.282 ms
2023-09-19 00:46:36 info: GET /api/v1/projects 304 - 251.442 ms
2023-09-19 00:46:37 info: GET /api/v1/projects/github?visibility=public&sort=pushed 304 - 1534.370 ms
2023-09-19 00:46:40 info: GET /api/v1/projects/github?visibility=public&sort=pushed 304 - 2498.135 ms
2023-09-19 00:46:52 info: GET /api/v1/projects 304 - 255.088 ms
2023-09-19 00:46:55 info: GET /api/v1/projects 304 - 248.440 ms
2023-09-19 00:46:55 info: GET /api/v1/projects 304 - 251.933 ms
2023-09-19 00:46:57 info: GET /api/v1/projects/github?visibility=public&sort=pushed 304 - 2659.440 ms
2023-09-19 00:47:00 info: GET /api/v1/projects/github?visibility=public&sort=pushed 304 - 3465.300 ms
2023-09-19 00:49:16 info: GET /api/v1/projects 304 - 249.178 ms
2023-09-19 00:49:18 info: GET /api/v1/projects 304 - 249.388 ms
2023-09-19 00:49:19 info: GET /api/v1/projects 304 - 248.122 ms
2023-09-19 00:49:21 info: GET /api/v1/projects/github?visibility=public&sort=pushed 304 - 2613.816 ms
2023-09-19 00:49:23 info: GET /api/v1/projects/github?visibility=public&sort=pushed 304 - 2403.810 ms
2023-09-19 00:52:36 info: Listen port 8080
2023-09-19 00:52:39 info: MongoDB Connected: ac-diuctf8-shard-00-00.kafx490.mongodb.net.
2023-09-19 00:53:01 info: GET /api/v1/projects 304 - 291.653 ms
2023-09-19 00:53:01 info: GET /api/v1/projects 304 - 262.553 ms
2023-09-19 00:53:04 info: GET /api/v1/projects/github?visibility=public&sort=pushed 304 - 3203.329 ms
2023-09-19 00:53:07 info: GET /api/v1/projects/github?visibility=public&sort=pushed 304 - 2632.393 ms
2023-09-19 00:59:59 info: Mongoose Connection is Disconnected
