2023-09-20 00:12:31 info: GET /api/v1/projects 200 - 365.629 ms
2023-09-20 00:12:58 info: Listen port 8080
2023-09-20 00:13:01 info: MongoDB Connected: ac-diuctf8-shard-00-00.kafx490.mongodb.net.
2023-09-20 00:28:44 info: GET /api/v1/projects 304 - 318.099 ms
2023-09-20 00:28:44 info: GET /api/v1/projects 304 - 260.562 ms
2023-09-20 00:28:46 info: GET /api/v1/projects/github?visibility=public&sort=pushed 200 - 2669.487 ms
2023-09-20 00:28:49 info: GET /api/v1/projects/github?visibility=public&sort=pushed 304 - 2504.467 ms
2023-09-20 00:28:55 info: POST /api/v1/projects 200 - 548.068 ms
2023-09-20 00:29:26 info: GET /api/v1/projects/github?visibility=public&sort=pushed - - - ms
2023-09-20 00:29:29 info: GET /api/v1/projects 200 - 264.606 ms
2023-09-20 00:29:29 info: GET /api/v1/projects 304 - 254.795 ms
2023-09-20 00:29:31 info: GET /api/v1/projects/github?visibility=public&sort=pushed 200 - 2420.409 ms
2023-09-20 00:29:33 info: GET /api/v1/projects/github?visibility=public&sort=pushed 304 - 1784.741 ms
2023-09-20 00:29:42 info: POST /api/v1/projects 200 - 546.169 ms
2023-09-20 09:15:32 info: Listen port 8080
2023-09-20 09:15:34 info: MongoDB Connected: ac-diuctf8-shard-00-00.kafx490.mongodb.net.
2023-09-20 11:57:30 info: Mongoose Connection is Disconnected
2023-09-20 11:57:30 info: Mongoose Connected to Database
2023-09-20 15:41:51 info: Mongoose Connection is Disconnected
2023-09-20 16:14:35 info: Mongoose Connected to Database
2023-09-20 18:20:12 info: GET /api/v1/projects 200 - 1765.375 ms
2023-09-20 18:20:12 info: GET /api/v1/projects 304 - 258.422 ms
2023-09-20 18:20:13 info: GET /api/v1/projects/github?visibility=public&sort=pushed 200 - 3215.057 ms
2023-09-20 18:20:16 info: GET /api/v1/projects/github?visibility=public&sort=pushed 304 - 2882.332 ms
2023-09-20 18:20:24 error: DELETE /api/v1/projects/6509c1d635b29675fa26f9e7 500 - 18.275 ms - message: -
2023-09-20 18:20:49 info: POST /api/v1/auth/login 200 - 665.387 ms
2023-09-20 18:20:50 info: GET /api/v1/projects 304 - 256.222 ms
2023-09-20 18:20:50 info: GET /api/v1/projects 304 - 259.768 ms
2023-09-20 18:20:52 info: GET /api/v1/projects/github?visibility=public&sort=pushed 304 - 2688.957 ms
2023-09-20 18:20:55 info: GET /api/v1/projects/github?visibility=public&sort=pushed 304 - 2468.164 ms
2023-09-20 18:20:56 error: DELETE /api/v1/projects/6509c1d635b29675fa26f9e7 500 - 1.750 ms - message: -
2023-09-20 18:21:22 info: GET /api/v1/projects 304 - 262.124 ms
2023-09-20 18:21:22 info: GET /api/v1/projects 304 - 258.488 ms
2023-09-20 18:21:24 info: GET /api/v1/projects/github?visibility=public&sort=pushed 304 - 2742.917 ms
2023-09-20 18:21:26 info: GET /api/v1/projects/github?visibility=public&sort=pushed 304 - 2399.901 ms
2023-09-20 18:21:27 info: DELETE /api/v1/projects/6509c1d635b29675fa26f9e7 200 - 522.300 ms
2023-09-20 18:27:52 info: GET /api/v1/projects 200 - 255.935 ms
2023-09-20 18:27:52 info: GET /api/v1/projects 304 - 262.998 ms
2023-09-20 18:27:54 info: GET /api/v1/projects/github?visibility=public&sort=pushed 200 - 2493.959 ms
2023-09-20 18:27:57 info: GET /api/v1/projects/github?visibility=public&sort=pushed 200 - 2392.924 ms
2023-09-20 18:28:18 info: GET /api/v1/projects 304 - 256.231 ms
2023-09-20 18:28:20 info: GET /api/v1/projects/github?visibility=public&sort=pushed 200 - 2626.664 ms
2023-09-20 18:28:38 info: GET /api/v1/projects 304 - 646.639 ms
2023-09-20 18:28:43 info: GET /api/v1/projects 304 - 258.024 ms
2023-09-20 18:28:48 info: GET /api/v1/projects 304 - 256.841 ms
2023-09-20 18:28:51 info: GET /api/v1/projects 304 - 493.513 ms
2023-09-20 18:28:51 info: GET /api/v1/projects 304 - 393.440 ms
2023-09-20 18:28:54 info: GET /api/v1/projects/github?visibility=public&sort=pushed 200 - 2944.150 ms
2023-09-20 18:28:56 info: GET /api/v1/projects/github?visibility=public&sort=pushed 200 - 2577.785 ms
2023-09-20 18:29:00 info: DELETE /api/v1/projects/6509c1d635b29675fa26f9e8 200 - 508.979 ms
2023-09-20 18:29:00 info: GET /api/v1/projects 200 - 254.577 ms
2023-09-20 18:29:18 info: GET /api/v1/projects/github?visibility=public&sort=pushed 200 - 1712.449 ms
2023-09-20 18:30:11 info: GET /api/v1/projects 304 - 245.379 ms
2023-09-20 18:30:54 info: GET /api/v1/projects 304 - 276.000 ms
2023-09-20 18:30:56 info: GET /api/v1/projects 304 - 262.272 ms
2023-09-20 20:25:46 info: Mongoose Connection is Disconnected
2023-09-20 20:25:57 info: Mongoose Connected to Database
