2023-09-23 00:35:08 info: GET /api/v1/projects 304 - 386.305 ms
2023-09-23 00:35:08 info: GET /api/v1/projects 304 - 333.770 ms
2023-09-23 00:35:34 info: Listen port 8080
2023-09-23 00:35:37 info: MongoDB Connected: ac-diuctf8-shard-00-00.kafx490.mongodb.net.
2023-09-23 00:35:44 info: GET /api/v1/projects 304 - 382.758 ms
2023-09-23 00:35:44 info: GET /api/v1/projects 304 - 306.706 ms
2023-09-23 00:35:47 info: GET /api/v1/projects/github?visibility=public&sort=pushed 200 - 3447.856 ms
2023-09-23 00:35:49 info: GET /api/v1/projects/github?visibility=public&sort=pushed 200 - 2577.908 ms
2023-09-23 00:35:50 info: GET /api/v1/projects 304 - 341.695 ms
2023-09-23 00:35:50 info: GET /api/v1/projects 304 - 310.762 ms
2023-09-23 00:35:52 info: GET /api/v1/projects/github?visibility=public&sort=pushed 200 - 2576.280 ms
2023-09-23 00:35:55 info: GET /api/v1/projects/github?visibility=public&sort=pushed 200 - 2669.400 ms
2023-09-23 00:39:22 info: GET /api/v1/projects 304 - 329.533 ms
2023-09-23 00:39:22 info: GET /api/v1/projects 304 - 327.049 ms
2023-09-23 00:39:23 info: GET /api/v1/projects/github?visibility=public&sort=pushed - - - ms
2023-09-23 00:39:25 info: GET /api/v1/projects 304 - 327.291 ms
2023-09-23 00:39:25 info: GET /api/v1/projects 304 - 300.027 ms
2023-09-23 00:39:28 info: GET /api/v1/projects/github?visibility=public&sort=pushed 200 - 2762.064 ms
2023-09-23 00:39:30 info: GET /api/v1/projects/github?visibility=public&sort=pushed 200 - 2692.097 ms
2023-09-23 18:14:58 info: Listen port 8080
2023-09-23 18:15:01 info: MongoDB Connected: ac-diuctf8-shard-00-00.kafx490.mongodb.net.
2023-09-23 18:16:18 info: GET /api/v1/projects 200 - 292.493 ms
2023-09-23 18:16:18 info: GET /api/v1/projects 304 - 252.801 ms
2023-09-23 18:16:19 info: GET /api/v1/projects/github?visibility=public&sort=pushed - - - ms
2023-09-23 18:16:20 info: GET /api/v1/projects 304 - 260.177 ms
2023-09-23 18:16:20 info: GET /api/v1/projects 304 - 275.106 ms
2023-09-23 18:16:22 info: GET /api/v1/projects/github?visibility=public&sort=pushed 200 - 2339.581 ms
2023-09-23 18:16:25 info: GET /api/v1/projects/github?visibility=public&sort=pushed 304 - 2653.816 ms
2023-09-23 18:22:48 error: DELETE /api/v1/projects/6509da57d7426bb9f269275a 500 - 16.083 ms - message: -
2023-09-23 18:23:21 info: GET /api/v1/projects 304 - 280.572 ms
2023-09-23 18:23:22 info: GET /api/v1/projects 304 - 260.497 ms
2023-09-23 18:23:24 info: GET /api/v1/projects/github?visibility=public&sort=pushed 304 - 2713.846 ms
2023-09-23 18:23:26 info: GET /api/v1/projects/github?visibility=public&sort=pushed 304 - 2611.188 ms
2023-09-23 18:23:34 error: DELETE /api/v1/projects/6509da57d7426bb9f269275a 500 - 1.830 ms - message: -
2023-09-23 18:24:10 info: POST /api/v1/auth/login 200 - 819.167 ms
2023-09-23 18:24:10 info: GET /api/v1/projects 304 - 257.324 ms
2023-09-23 18:24:10 info: GET /api/v1/projects 304 - 280.867 ms
2023-09-23 18:24:13 error: DELETE /api/v1/projects/6509da57d7426bb9f269275a 500 - 1.376 ms - message: -
2023-09-23 18:24:15 info: GET /api/v1/projects/github?visibility=public&sort=pushed 304 - 5045.374 ms
2023-09-23 18:24:18 info: GET /api/v1/projects/github?visibility=public&sort=pushed 304 - 2809.564 ms
2023-09-23 18:25:41 info: GET /api/v1/projects 304 - 257.732 ms
2023-09-23 18:25:44 info: GET /api/v1/projects/github?visibility=public&sort=pushed 304 - 2915.948 ms
2023-09-23 18:25:55 info: GET /api/v1/projects 304 - 278.676 ms
2023-09-23 18:25:56 info: GET /api/v1/projects 304 - 250.994 ms
2023-09-23 18:25:58 info: GET /api/v1/projects/github?visibility=public&sort=pushed 304 - 2396.099 ms
2023-09-23 18:26:00 info: GET /api/v1/projects/github?visibility=public&sort=pushed 304 - 2847.643 ms
2023-09-23 18:26:05 info: DELETE /api/v1/projects/6509da57d7426bb9f269275a 200 - 506.074 ms
2023-09-23 18:26:06 info: GET /api/v1/projects 200 - 263.257 ms
2023-09-23 18:26:09 info: DELETE /api/v1/projects/6509da86d7426bb9f269275f 200 - 612.149 ms
2023-09-23 18:26:09 info: GET /api/v1/projects 200 - 264.824 ms
2023-09-23 18:26:14 info: DELETE /api/v1/projects/6509c6d735b29675fa26f9fc 200 - 502.165 ms
2023-09-23 18:26:15 info: GET /api/v1/projects 200 - 258.149 ms
2023-09-23 18:26:17 info: DELETE /api/v1/projects/6509c38635b29675fa26f9f3 200 - 513.880 ms
2023-09-23 18:26:18 info: GET /api/v1/projects 200 - 532.447 ms
2023-09-23 18:26:25 info: DELETE /api/v1/projects/6509c19935b29675fa26f9e2 200 - 506.516 ms
2023-09-23 18:26:25 info: GET /api/v1/projects 200 - 257.462 ms
2023-09-23 19:36:48 info: Listen port 8080
2023-09-23 19:36:51 info: MongoDB Connected: ac-diuctf8-shard-00-00.kafx490.mongodb.net.
2023-09-23 19:45:35 info: GET /api/v1/projects 304 - 285.370 ms
2023-09-23 19:45:35 info: GET /api/v1/projects 304 - 252.502 ms
2023-09-23 19:45:37 info: GET /api/v1/projects/github?visibility=public&sort=pushed 200 - 2662.849 ms
2023-09-23 19:45:41 info: GET /api/v1/projects/github?visibility=public&sort=pushed 304 - 3430.352 ms
2023-09-23 19:49:11 info: GET /api/v1/projects 304 - 254.441 ms
2023-09-23 19:49:11 info: GET /api/v1/projects 304 - 260.827 ms
2023-09-23 19:49:13 info: GET /api/v1/projects/github?visibility=public&sort=pushed 304 - 2636.129 ms
2023-09-23 19:49:15 info: GET /api/v1/projects/github?visibility=public&sort=pushed 304 - 2451.877 ms
2023-09-23 19:49:34 info: GET /api/v1/projects/github?visibility=public&sort=pushed 304 - 2315.932 ms
2023-09-23 19:49:55 info: GET /api/v1/projects 304 - 253.361 ms
2023-09-23 19:49:55 info: GET /api/v1/projects 304 - 256.133 ms
2023-09-23 19:49:57 info: GET /api/v1/projects/github?visibility=public&sort=pushed 304 - 2452.435 ms
2023-09-23 19:50:00 info: GET /api/v1/projects/github?visibility=public&sort=pushed 304 - 2339.125 ms
2023-09-23 19:56:29 info: GET /api/v1/projects 304 - 275.741 ms
2023-09-23 19:56:30 info: GET /api/v1/projects 304 - 263.686 ms
2023-09-23 19:56:32 info: GET /api/v1/projects/github?visibility=public&sort=pushed 304 - 2723.425 ms
2023-09-23 19:56:34 info: GET /api/v1/projects/github?visibility=public&sort=pushed 304 - 2544.501 ms
2023-09-23 19:56:48 info: GET /api/v1/projects 304 - 251.645 ms
2023-09-23 20:01:40 info: GET /api/v1/projects 304 - 249.094 ms
2023-09-23 20:01:40 info: GET /api/v1/projects 304 - 251.447 ms
2023-09-23 20:01:42 info: GET /api/v1/projects/github?visibility=public&sort=pushed 304 - 2513.829 ms
2023-09-23 20:01:45 info: GET /api/v1/projects/github?visibility=public&sort=pushed 304 - 2386.427 ms
2023-09-23 20:01:49 info: GET /api/v1/projects 304 - 252.273 ms
2023-09-23 20:01:54 info: GET /api/v1/projects 304 - 262.028 ms
2023-09-23 20:01:55 info: GET /api/v1/projects 304 - 260.191 ms
2023-09-23 20:01:57 info: GET /api/v1/projects/github?visibility=public&sort=pushed 304 - 2514.556 ms
2023-09-23 20:01:59 info: GET /api/v1/projects/github?visibility=public&sort=pushed 304 - 2291.308 ms
2023-09-23 20:02:14 info: GET /api/v1/projects 304 - 252.626 ms
2023-09-23 20:02:14 info: GET /api/v1/projects 304 - 251.822 ms
2023-09-23 20:02:16 info: GET /api/v1/projects/github?visibility=public&sort=pushed 304 - 2564.938 ms
2023-09-23 20:02:18 info: GET /api/v1/projects/github?visibility=public&sort=pushed 304 - 2590.795 ms
2023-09-23 20:02:25 info: GET /api/v1/projects 304 - 257.475 ms
2023-09-23 20:02:28 info: GET /api/v1/projects 304 - 257.444 ms
2023-09-23 20:02:28 info: GET /api/v1/projects 304 - 250.629 ms
2023-09-23 20:02:30 info: GET /api/v1/projects/github?visibility=public&sort=pushed 304 - 2683.719 ms
2023-09-23 20:02:32 info: GET /api/v1/projects/github?visibility=public&sort=pushed 304 - 2353.303 ms
2023-09-23 20:10:58 info: GET /api/v1/projects 304 - 1224.582 ms
2023-09-23 20:10:58 info: GET /api/v1/projects 304 - 262.265 ms
2023-09-23 20:10:58 info: GET /api/v1/projects/github?visibility=public&sort=pushed 304 - 1587.775 ms
2023-09-23 20:11:00 info: GET /api/v1/projects/github?visibility=public&sort=pushed 304 - 2343.927 ms
2023-09-23 20:11:04 info: GET /api/v1/projects 304 - 251.895 ms
2023-09-23 20:11:05 info: GET /api/v1/projects 304 - 258.301 ms
2023-09-23 20:11:07 info: GET /api/v1/projects/github?visibility=public&sort=pushed 200 - 2402.418 ms
2023-09-23 20:11:09 info: GET /api/v1/projects/github?visibility=public&sort=pushed 200 - 2270.681 ms
2023-09-23 20:16:01 info: GET /api/v1/projects 304 - 255.986 ms
2023-09-23 20:16:04 info: GET /api/v1/projects/github?visibility=public&sort=pushed 304 - 2470.690 ms
2023-09-23 20:51:21 info: GET /api/v1/projects 304 - 260.475 ms
2023-09-23 20:51:21 info: GET /api/v1/projects 304 - 254.441 ms
2023-09-23 20:51:23 info: GET /api/v1/projects/github?visibility=public&sort=pushed 200 - 2488.479 ms
2023-09-23 20:51:24 info: GET /api/v1/projects/github?visibility=public&sort=pushed - - - ms
2023-09-23 20:51:42 info: GET /api/v1/projects 304 - 251.328 ms
2023-09-23 20:51:42 info: GET /api/v1/projects 304 - 255.805 ms
2023-09-23 20:51:44 info: GET /api/v1/projects/github?visibility=public&sort=pushed 200 - 1934.302 ms
2023-09-23 20:51:46 info: GET /api/v1/projects/6505f0ba056d9ce42446393e 200 - 280.602 ms
2023-09-23 20:51:46 info: GET /api/v1/projects/6505f0ba056d9ce42446393e 304 - 248.066 ms
2023-09-23 20:51:46 info: GET /api/v1/projects/github?visibility=public&sort=pushed 304 - 2281.456 ms
2023-09-23 20:52:40 info: POST /api/v1/upload 200 - 3260.226 ms
2023-09-23 20:55:11 info: GET /api/v1/projects 304 - 251.401 ms
2023-09-23 20:55:11 info: GET /api/v1/projects 304 - 255.096 ms
2023-09-23 20:55:13 info: GET /api/v1/projects/github?visibility=public&sort=pushed 304 - 2465.740 ms
2023-09-23 20:55:15 info: GET /api/v1/projects/github?visibility=public&sort=pushed 304 - 2590.214 ms
2023-09-23 20:57:19 info: GET /api/v1/projects/6509c88435b29675fa26fa02 200 - 249.634 ms
2023-09-23 20:57:20 info: GET /api/v1/projects/6509c88435b29675fa26fa02 304 - 249.611 ms
2023-09-23 20:57:28 info: POST /api/v1/upload 200 - 2843.025 ms
2023-09-23 20:57:33 info: POST /api/v1/projects 200 - 551.092 ms
